<?xml version="1.0" encoding="utf-8"?>
<TestRun id="ee665a38-424f-4fa6-bbff-d87bf7221051" name="@MacBook-Pro-tilhrende-Niklas 2024-12-29 11:48:01" xmlns="http://microsoft.com/schemas/VisualStudio/TeamTest/2010">
  <Times creation="2024-12-29T11:48:01.4422640+01:00" queuing="2024-12-29T11:48:01.4422640+01:00" start="2024-12-29T11:48:00.9512230+01:00" finish="2024-12-29T11:48:01.4454880+01:00" />
  <TestSettings name="default" id="8c719e14-8e8e-47eb-94be-cc74b1454aaa">
    <Deployment runDeploymentRoot="_MacBook-Pro-tilhrende-Niklas_2024-12-29_11_48_01" />
  </TestSettings>
  <Results>
    <UnitTestResult executionId="640dcc06-f1d4-435a-a4ed-26ef5f699626" testId="4ebbf885-8b52-49de-1be4-44e3618addd4" testName="UserMicroService.Tests.UnitTests.UserServiceTests.CreateUserAsync_ShouldReturnUserId_WhenSuccessful" computerName="MacBook-Pro-tilhrende-Niklas" duration="00:00:00.0018468" startTime="2024-12-29T11:48:01.3554940+01:00" endTime="2024-12-29T11:48:01.3554940+01:00" testType="13cdc9d9-ddb5-4fa4-a97d-d965ccfc6d4b" outcome="Passed" testListId="8c84fa94-04c1-424b-9868-57a2d4851a1d" relativeResultsDirectory="640dcc06-f1d4-435a-a4ed-26ef5f699626" />
    <UnitTestResult executionId="3ff78667-0d66-423f-a0d7-54c4fc2cfbb5" testId="01dc23a1-e3c3-f413-87ea-7f542b30e602" testName="UserMicroService.Tests.UnitTests.UserServiceTests.DeleteUserAsync_ShouldDeleteUser_WhenUserExists" computerName="MacBook-Pro-tilhrende-Niklas" duration="00:00:00.0029185" startTime="2024-12-29T11:48:01.3536580+01:00" endTime="2024-12-29T11:48:01.3536580+01:00" testType="13cdc9d9-ddb5-4fa4-a97d-d965ccfc6d4b" outcome="Passed" testListId="8c84fa94-04c1-424b-9868-57a2d4851a1d" relativeResultsDirectory="3ff78667-0d66-423f-a0d7-54c4fc2cfbb5" />
    <UnitTestResult executionId="ea73c67f-45fb-4119-ab62-df9208841375" testId="b643dcc7-eda2-29f7-c696-83d27c1ccad0" testName="UserMicroService.Tests.UnitTests.UserServiceTests.GetUserById_ShouldReturnUser_WhenUserExists" computerName="MacBook-Pro-tilhrende-Niklas" duration="00:00:00.0810259" startTime="2024-12-29T11:48:01.3510060+01:00" endTime="2024-12-29T11:48:01.3510160+01:00" testType="13cdc9d9-ddb5-4fa4-a97d-d965ccfc6d4b" outcome="Passed" testListId="8c84fa94-04c1-424b-9868-57a2d4851a1d" relativeResultsDirectory="ea73c67f-45fb-4119-ab62-df9208841375" />
    <UnitTestResult executionId="4c642a3d-de31-4f78-8f52-4847da826ad1" testId="77baa9ca-a840-de09-f4dc-ca7ec1e6fa4b" testName="UserMicroService.Tests.UnitTests.UserServiceTests.UpdateUserAsync_ShouldUpdateUser_WhenUserExists" computerName="MacBook-Pro-tilhrende-Niklas" duration="00:00:00.0037838" startTime="2024-12-29T11:48:01.3593340+01:00" endTime="2024-12-29T11:48:01.3593340+01:00" testType="13cdc9d9-ddb5-4fa4-a97d-d965ccfc6d4b" outcome="Passed" testListId="8c84fa94-04c1-424b-9868-57a2d4851a1d" relativeResultsDirectory="4c642a3d-de31-4f78-8f52-4847da826ad1" />
    <UnitTestResult executionId="6ced5753-ab22-49fd-b96d-d3ec9984b5b0" testId="ac777f53-8ee1-7955-ca11-290c5e00064d" testName="UserMicroService.Tests.UnitTests.UserServiceTests.GetAllUsersAsync_ShouldReturnList_WhenUsersExist" computerName="MacBook-Pro-tilhrende-Niklas" duration="00:00:00.0220055" startTime="2024-12-29T11:48:01.3813810+01:00" endTime="2024-12-29T11:48:01.3813830+01:00" testType="13cdc9d9-ddb5-4fa4-a97d-d965ccfc6d4b" outcome="Passed" testListId="8c84fa94-04c1-424b-9868-57a2d4851a1d" relativeResultsDirectory="6ced5753-ab22-49fd-b96d-d3ec9984b5b0" />
  </Results>
  <TestDefinitions>
    <UnitTest name="UserMicroService.Tests.UnitTests.UserServiceTests.GetAllUsersAsync_ShouldReturnList_WhenUsersExist" storage="/users/niklasduenim/documents/programmering/gitten/4semester/overblikplusbackend/usermicroservice.tests/bin/debug/net8.0/usermicroservice.tests.dll" id="ac777f53-8ee1-7955-ca11-290c5e00064d">
      <Execution id="6ced5753-ab22-49fd-b96d-d3ec9984b5b0" />
      <TestMethod codeBase="/Users/niklasduenim/Documents/Programmering/Gitten/4semester/OverblikPlusBackend/UserMicroService.Tests/bin/Debug/net8.0/UserMicroService.Tests.dll" adapterTypeName="executor://xunit/VsTestRunner2/netcoreapp" className="UserMicroService.Tests.UnitTests.UserServiceTests" name="GetAllUsersAsync_ShouldReturnList_WhenUsersExist" />
    </UnitTest>
    <UnitTest name="UserMicroService.Tests.UnitTests.UserServiceTests.UpdateUserAsync_ShouldUpdateUser_WhenUserExists" storage="/users/niklasduenim/documents/programmering/gitten/4semester/overblikplusbackend/usermicroservice.tests/bin/debug/net8.0/usermicroservice.tests.dll" id="77baa9ca-a840-de09-f4dc-ca7ec1e6fa4b">
      <Execution id="4c642a3d-de31-4f78-8f52-4847da826ad1" />
      <TestMethod codeBase="/Users/niklasduenim/Documents/Programmering/Gitten/4semester/OverblikPlusBackend/UserMicroService.Tests/bin/Debug/net8.0/UserMicroService.Tests.dll" adapterTypeName="executor://xunit/VsTestRunner2/netcoreapp" className="UserMicroService.Tests.UnitTests.UserServiceTests" name="UpdateUserAsync_ShouldUpdateUser_WhenUserExists" />
    </UnitTest>
    <UnitTest name="UserMicroService.Tests.UnitTests.UserServiceTests.DeleteUserAsync_ShouldDeleteUser_WhenUserExists" storage="/users/niklasduenim/documents/programmering/gitten/4semester/overblikplusbackend/usermicroservice.tests/bin/debug/net8.0/usermicroservice.tests.dll" id="01dc23a1-e3c3-f413-87ea-7f542b30e602">
      <Execution id="3ff78667-0d66-423f-a0d7-54c4fc2cfbb5" />
      <TestMethod codeBase="/Users/niklasduenim/Documents/Programmering/Gitten/4semester/OverblikPlusBackend/UserMicroService.Tests/bin/Debug/net8.0/UserMicroService.Tests.dll" adapterTypeName="executor://xunit/VsTestRunner2/netcoreapp" className="UserMicroService.Tests.UnitTests.UserServiceTests" name="DeleteUserAsync_ShouldDeleteUser_WhenUserExists" />
    </UnitTest>
    <UnitTest name="UserMicroService.Tests.UnitTests.UserServiceTests.CreateUserAsync_ShouldReturnUserId_WhenSuccessful" storage="/users/niklasduenim/documents/programmering/gitten/4semester/overblikplusbackend/usermicroservice.tests/bin/debug/net8.0/usermicroservice.tests.dll" id="4ebbf885-8b52-49de-1be4-44e3618addd4">
      <Execution id="640dcc06-f1d4-435a-a4ed-26ef5f699626" />
      <TestMethod codeBase="/Users/niklasduenim/Documents/Programmering/Gitten/4semester/OverblikPlusBackend/UserMicroService.Tests/bin/Debug/net8.0/UserMicroService.Tests.dll" adapterTypeName="executor://xunit/VsTestRunner2/netcoreapp" className="UserMicroService.Tests.UnitTests.UserServiceTests" name="CreateUserAsync_ShouldReturnUserId_WhenSuccessful" />
    </UnitTest>
    <UnitTest name="UserMicroService.Tests.UnitTests.UserServiceTests.GetUserById_ShouldReturnUser_WhenUserExists" storage="/users/niklasduenim/documents/programmering/gitten/4semester/overblikplusbackend/usermicroservice.tests/bin/debug/net8.0/usermicroservice.tests.dll" id="b643dcc7-eda2-29f7-c696-83d27c1ccad0">
      <Execution id="ea73c67f-45fb-4119-ab62-df9208841375" />
      <TestMethod codeBase="/Users/niklasduenim/Documents/Programmering/Gitten/4semester/OverblikPlusBackend/UserMicroService.Tests/bin/Debug/net8.0/UserMicroService.Tests.dll" adapterTypeName="executor://xunit/VsTestRunner2/netcoreapp" className="UserMicroService.Tests.UnitTests.UserServiceTests" name="GetUserById_ShouldReturnUser_WhenUserExists" />
    </UnitTest>
  </TestDefinitions>
  <TestEntries>
    <TestEntry testId="4ebbf885-8b52-49de-1be4-44e3618addd4" executionId="640dcc06-f1d4-435a-a4ed-26ef5f699626" testListId="8c84fa94-04c1-424b-9868-57a2d4851a1d" />
    <TestEntry testId="01dc23a1-e3c3-f413-87ea-7f542b30e602" executionId="3ff78667-0d66-423f-a0d7-54c4fc2cfbb5" testListId="8c84fa94-04c1-424b-9868-57a2d4851a1d" />
    <TestEntry testId="b643dcc7-eda2-29f7-c696-83d27c1ccad0" executionId="ea73c67f-45fb-4119-ab62-df9208841375" testListId="8c84fa94-04c1-424b-9868-57a2d4851a1d" />
    <TestEntry testId="77baa9ca-a840-de09-f4dc-ca7ec1e6fa4b" executionId="4c642a3d-de31-4f78-8f52-4847da826ad1" testListId="8c84fa94-04c1-424b-9868-57a2d4851a1d" />
    <TestEntry testId="ac777f53-8ee1-7955-ca11-290c5e00064d" executionId="6ced5753-ab22-49fd-b96d-d3ec9984b5b0" testListId="8c84fa94-04c1-424b-9868-57a2d4851a1d" />
  </TestEntries>
  <TestLists>
    <TestList name="Results Not in a List" id="8c84fa94-04c1-424b-9868-57a2d4851a1d" />
    <TestList name="All Loaded Results" id="19431567-8539-422a-85d7-44ee4e166bda" />
  </TestLists>
  <ResultSummary outcome="Completed">
    <Counters total="5" executed="5" passed="5" failed="0" error="0" timeout="0" aborted="0" inconclusive="0" passedButRunAborted="0" notRunnable="0" notExecuted="0" disconnected="0" warning="0" completed="0" inProgress="0" pending="0" />
    <Output>
      <StdOut>[xUnit.net 00:00:00.00] xUnit.net VSTest Adapter v2.5.3.1+6b60a9e56a (64-bit .NET 8.0.8)
[xUnit.net 00:00:00.04]   Discovering: UserMicroService.Tests
[xUnit.net 00:00:00.05]   Discovered:  UserMicroService.Tests
[xUnit.net 00:00:00.05]   Starting:    UserMicroService.Tests
[xUnit.net 00:00:00.19]   Finished:    UserMicroService.Tests
</StdOut>
    </Output>
  </ResultSummary>
</TestRun>