<?xml version="1.0" encoding="utf-8"?>
<TestRun id="46e84bf3-d990-4212-b953-e543a6a56733" name="@MacBook-Pro-tilhrende-Niklas 2024-12-31 01:52:40" xmlns="http://microsoft.com/schemas/VisualStudio/TeamTest/2010">
  <Times creation="2024-12-31T01:52:40.7301330+01:00" queuing="2024-12-31T01:52:40.7301330+01:00" start="2024-12-31T01:52:35.9365540+01:00" finish="2024-12-31T01:52:42.6608560+01:00" />
  <TestSettings name="default" id="809599c7-df0e-4e5a-acc2-4c7bdb147ad5">
    <Deployment runDeploymentRoot="_MacBook-Pro-tilhrende-Niklas_2024-12-31_01_52_40" />
  </TestSettings>
  <Results>
    <UnitTestResult executionId="13eef2af-7f0b-4bd2-a967-543a350ceee2" testId="35754785-7cc1-0c3d-583e-c649461a6eda" testName="OverblikPlus.Frontend.Tests.QRCodeTests.QRCodeScan_Should_NavigateToTaskSteps" computerName="MacBook-Pro-tilhrende-Niklas" duration="00:00:03.1109263" startTime="2024-12-31T01:52:39.3756960+01:00" endTime="2024-12-31T01:52:39.3756960+01:00" testType="13cdc9d9-ddb5-4fa4-a97d-d965ccfc6d4b" outcome="Failed" testListId="8c84fa94-04c1-424b-9868-57a2d4851a1d" relativeResultsDirectory="13eef2af-7f0b-4bd2-a967-543a350ceee2">
      <Output>
        <ErrorInfo>
          <Message>OpenQA.Selenium.WebDriverException : unknown error: net::ERR_NAME_NOT_RESOLVED
  (Session info: chrome=131.0.6778.205)</Message>
          <StackTrace>   at OpenQA.Selenium.WebDriver.UnpackAndThrowOnError(Response errorResponse, String commandToExecute)
   at OpenQA.Selenium.WebDriver.ExecuteAsync(String driverCommandToExecute, Dictionary`2 parameters)
   at OpenQA.Selenium.Navigator.GoToUrlAsync(String url)
   at OpenQA.Selenium.Navigator.&lt;&gt;c__DisplayClass6_0.&lt;&lt;GoToUrl&gt;b__0&gt;d.MoveNext()
--- End of stack trace from previous location ---
   at OpenQA.Selenium.Navigator.GoToUrl(String url)
   at OverblikPlus.Frontend.Tests.QRCodeTests.QRCodeScan_Should_NavigateToTaskSteps() in /Users/niklasduenim/Documents/Programmering/Gitten/4semester/OverblikPlus.Frontend.Tests/OverblikPlus.Frontend.Tests/QRCodeTests.cs:line 12
   at System.RuntimeMethodHandle.InvokeMethod(Object target, Void** arguments, Signature sig, Boolean isConstructor)
   at System.Reflection.MethodBaseInvoker.InvokeWithNoArgs(Object obj, BindingFlags invokeAttr)</StackTrace>
        </ErrorInfo>
      </Output>
    </UnitTestResult>
    <UnitTestResult executionId="73f102ef-08bb-47f7-8d2e-a9c3698d7abc" testId="d23f1d7f-c2f4-513b-5391-953e61eb072f" testName="OverblikPlus.Frontend.Tests.UITests.HomePage_Title_Should_Be_Correct" computerName="MacBook-Pro-tilhrende-Niklas" duration="00:00:03.3268995" startTime="2024-12-31T01:52:39.5550260+01:00" endTime="2024-12-31T01:52:39.5550260+01:00" testType="13cdc9d9-ddb5-4fa4-a97d-d965ccfc6d4b" outcome="Passed" testListId="8c84fa94-04c1-424b-9868-57a2d4851a1d" relativeResultsDirectory="73f102ef-08bb-47f7-8d2e-a9c3698d7abc" />
    <UnitTestResult executionId="dff9d947-d396-424d-98c8-ff6a22493d63" testId="1d306539-8790-12ce-0303-9c48c0ba893a" testName="OverblikPlus.Frontend.Tests.DropdownTests.Dropdown_Should_ClickAndSelectOption" computerName="MacBook-Pro-tilhrende-Niklas" duration="00:00:04.9260886" startTime="2024-12-31T01:52:41.1535980+01:00" endTime="2024-12-31T01:52:41.1535980+01:00" testType="13cdc9d9-ddb5-4fa4-a97d-d965ccfc6d4b" outcome="Passed" testListId="8c84fa94-04c1-424b-9868-57a2d4851a1d" relativeResultsDirectory="dff9d947-d396-424d-98c8-ff6a22493d63" />
    <UnitTestResult executionId="4deaf94a-9951-489e-9d63-7ebf6a00bbb2" testId="8a72372b-0800-d84c-858e-274b3f72b27e" testName="SuccessfulLogin" computerName="MacBook-Pro-tilhrende-Niklas" duration="00:00:01.1904740" startTime="2024-12-31T01:52:41.2950460+01:00" endTime="2024-12-31T01:52:42.4854810+01:00" testType="13cdc9d9-ddb5-4fa4-a97d-d965ccfc6d4b" outcome="Failed" testListId="8c84fa94-04c1-424b-9868-57a2d4851a1d" relativeResultsDirectory="4deaf94a-9951-489e-9d63-7ebf6a00bbb2">
      <Output>
        <StdOut>Given I am on the login page
-&gt; done: LoginSteps.GivenIAmOnTheLoginPage() (1,2s)
When I enter a valid email and password
-&gt; error: no such element: Unable to locate element: {"method":"css selector","selector":"input[placeholder='Email']"}
  (Session info: chrome=131.0.6778.205); For documentation on this error, please visit: https://www.selenium.dev/documentation/webdriver/troubleshooting/errors#no-such-element-exception (0,0s)
And I click the login button
-&gt; skipped because of previous errors
Then I should be redirected to the homepage
-&gt; skipped because of previous errors</StdOut>
        <ErrorInfo>
          <Message>OpenQA.Selenium.NoSuchElementException : no such element: Unable to locate element: {"method":"css selector","selector":"input[placeholder='Email']"}
  (Session info: chrome=131.0.6778.205); For documentation on this error, please visit: https://www.selenium.dev/documentation/webdriver/troubleshooting/errors#no-such-element-exception</Message>
          <StackTrace>   at OpenQA.Selenium.WebDriver.UnpackAndThrowOnError(Response errorResponse, String commandToExecute)
   at OpenQA.Selenium.WebDriver.ExecuteAsync(String driverCommandToExecute, Dictionary`2 parameters)
   at OpenQA.Selenium.WebDriver.Execute(String driverCommandToExecute, Dictionary`2 parameters)
   at OpenQA.Selenium.WebDriver.FindElement(String mechanism, String value)
   at OpenQA.Selenium.By.&lt;.ctor&gt;b__11_0(ISearchContext context)
   at OpenQA.Selenium.By.FindElement(ISearchContext context)
   at OpenQA.Selenium.WebDriver.FindElement(By by)
   at OverblikPlus.Frontend.Tests.LoginSteps.WhenIEnterAValidEmailAndPassword() in /Users/niklasduenim/Documents/Programmering/Gitten/4semester/OverblikPlus.Frontend.Tests/OverblikPlus.Frontend.Tests/LoginSteps.cs:line 28
   at InvokeStub_Action`1.Invoke(Object, Span`1)
   at System.Reflection.MethodBaseInvoker.InvokeWithOneArg(Object obj, BindingFlags invokeAttr, Binder binder, Object[] parameters, CultureInfo culture)
   at TechTalk.SpecFlow.Bindings.BindingInvoker.InvokeBinding(IBinding binding, IContextManager contextManager, Object[] arguments, ITestTracer testTracer, TimeSpan&amp; duration)
   at TechTalk.SpecFlow.Infrastructure.TestExecutionEngine.ExecuteStepMatch(BindingMatch match, Object[] arguments, TimeSpan&amp; duration)
   at TechTalk.SpecFlow.Infrastructure.TestExecutionEngine.ExecuteStep(IContextManager contextManager, StepInstance stepInstance)
   at TechTalk.SpecFlow.Infrastructure.TestExecutionEngine.OnAfterLastStep()
   at TechTalk.SpecFlow.TestRunner.CollectScenarioErrors()
   at OverblikPlus.Frontend.Tests.LoginFeature.ScenarioCleanup()
   at OverblikPlus.Frontend.Tests.LoginFeature.SuccessfulLogin() in /Users/niklasduenim/Documents/Programmering/Gitten/4semester/OverblikPlus.Frontend.Tests/OverblikPlus.Frontend.Tests/Login.feature:line 10
   at System.RuntimeMethodHandle.InvokeMethod(Object target, Void** arguments, Signature sig, Boolean isConstructor)
   at System.Reflection.MethodBaseInvoker.InvokeWithNoArgs(Object obj, BindingFlags invokeAttr)
</StackTrace>
        </ErrorInfo>
      </Output>
    </UnitTestResult>
    <UnitTestResult executionId="24c71408-6dee-464d-bd38-867631cf2a78" testId="338e63a0-a445-e133-2473-e7309b5081a0" testName="OverblikPlus.Frontend.Tests.ValidationTests.EmptyInput_Should_ShowValidationError" computerName="MacBook-Pro-tilhrende-Niklas" duration="00:00:03.1099937" startTime="2024-12-31T01:52:39.3527520+01:00" endTime="2024-12-31T01:52:39.3527860+01:00" testType="13cdc9d9-ddb5-4fa4-a97d-d965ccfc6d4b" outcome="Failed" testListId="8c84fa94-04c1-424b-9868-57a2d4851a1d" relativeResultsDirectory="24c71408-6dee-464d-bd38-867631cf2a78">
      <Output>
        <ErrorInfo>
          <Message>OpenQA.Selenium.WebDriverException : unknown error: net::ERR_CONNECTION_REFUSED
  (Session info: chrome=131.0.6778.205)</Message>
          <StackTrace>   at OpenQA.Selenium.WebDriver.UnpackAndThrowOnError(Response errorResponse, String commandToExecute)
   at OpenQA.Selenium.WebDriver.ExecuteAsync(String driverCommandToExecute, Dictionary`2 parameters)
   at OpenQA.Selenium.Navigator.GoToUrlAsync(String url)
   at OpenQA.Selenium.Navigator.&lt;&gt;c__DisplayClass6_0.&lt;&lt;GoToUrl&gt;b__0&gt;d.MoveNext()
--- End of stack trace from previous location ---
   at OpenQA.Selenium.Navigator.GoToUrl(String url)
   at OverblikPlus.Frontend.Tests.ValidationTests.EmptyInput_Should_ShowValidationError() in /Users/niklasduenim/Documents/Programmering/Gitten/4semester/OverblikPlus.Frontend.Tests/OverblikPlus.Frontend.Tests/ValidationTests.cs:line 12
   at System.RuntimeMethodHandle.InvokeMethod(Object target, Void** arguments, Signature sig, Boolean isConstructor)
   at System.Reflection.MethodBaseInvoker.InvokeWithNoArgs(Object obj, BindingFlags invokeAttr)</StackTrace>
        </ErrorInfo>
      </Output>
    </UnitTestResult>
    <UnitTestResult executionId="80bd4d02-8b88-455f-b01b-a1d49efb8291" testId="bf5f09ae-20eb-c8e0-a350-26b6b555ab6a" testName="LoginTests.LoginButton_Click_Should_NavigateToHomePage" computerName="MacBook-Pro-tilhrende-Niklas" duration="00:00:04.9271507" startTime="2024-12-31T01:52:41.1545480+01:00" endTime="2024-12-31T01:52:41.1545480+01:00" testType="13cdc9d9-ddb5-4fa4-a97d-d965ccfc6d4b" outcome="Passed" testListId="8c84fa94-04c1-424b-9868-57a2d4851a1d" relativeResultsDirectory="80bd4d02-8b88-455f-b01b-a1d49efb8291" />
  </Results>
  <TestDefinitions>
    <UnitTest name="LoginTests.LoginButton_Click_Should_NavigateToHomePage" storage="/users/niklasduenim/documents/programmering/gitten/4semester/overblikplus.frontend.tests/overblikplus.frontend.tests/bin/debug/net8.0/overblikplus.frontend.tests.dll" id="bf5f09ae-20eb-c8e0-a350-26b6b555ab6a">
      <Execution id="80bd4d02-8b88-455f-b01b-a1d49efb8291" />
      <TestMethod codeBase="/Users/niklasduenim/Documents/Programmering/Gitten/4semester/OverblikPlus.Frontend.Tests/OverblikPlus.Frontend.Tests/bin/Debug/net8.0/OverblikPlus.Frontend.Tests.dll" adapterTypeName="executor://xunit/VsTestRunner2/netcoreapp" className="LoginTests" name="LoginButton_Click_Should_NavigateToHomePage" />
    </UnitTest>
    <UnitTest name="OverblikPlus.Frontend.Tests.ValidationTests.EmptyInput_Should_ShowValidationError" storage="/users/niklasduenim/documents/programmering/gitten/4semester/overblikplus.frontend.tests/overblikplus.frontend.tests/bin/debug/net8.0/overblikplus.frontend.tests.dll" id="338e63a0-a445-e133-2473-e7309b5081a0">
      <Execution id="24c71408-6dee-464d-bd38-867631cf2a78" />
      <TestMethod codeBase="/Users/niklasduenim/Documents/Programmering/Gitten/4semester/OverblikPlus.Frontend.Tests/OverblikPlus.Frontend.Tests/bin/Debug/net8.0/OverblikPlus.Frontend.Tests.dll" adapterTypeName="executor://xunit/VsTestRunner2/netcoreapp" className="OverblikPlus.Frontend.Tests.ValidationTests" name="EmptyInput_Should_ShowValidationError" />
    </UnitTest>
    <UnitTest name="OverblikPlus.Frontend.Tests.QRCodeTests.QRCodeScan_Should_NavigateToTaskSteps" storage="/users/niklasduenim/documents/programmering/gitten/4semester/overblikplus.frontend.tests/overblikplus.frontend.tests/bin/debug/net8.0/overblikplus.frontend.tests.dll" id="35754785-7cc1-0c3d-583e-c649461a6eda">
      <Execution id="13eef2af-7f0b-4bd2-a967-543a350ceee2" />
      <TestMethod codeBase="/Users/niklasduenim/Documents/Programmering/Gitten/4semester/OverblikPlus.Frontend.Tests/OverblikPlus.Frontend.Tests/bin/Debug/net8.0/OverblikPlus.Frontend.Tests.dll" adapterTypeName="executor://xunit/VsTestRunner2/netcoreapp" className="OverblikPlus.Frontend.Tests.QRCodeTests" name="QRCodeScan_Should_NavigateToTaskSteps" />
    </UnitTest>
    <UnitTest name="OverblikPlus.Frontend.Tests.DropdownTests.Dropdown_Should_ClickAndSelectOption" storage="/users/niklasduenim/documents/programmering/gitten/4semester/overblikplus.frontend.tests/overblikplus.frontend.tests/bin/debug/net8.0/overblikplus.frontend.tests.dll" id="1d306539-8790-12ce-0303-9c48c0ba893a">
      <Execution id="dff9d947-d396-424d-98c8-ff6a22493d63" />
      <TestMethod codeBase="/Users/niklasduenim/Documents/Programmering/Gitten/4semester/OverblikPlus.Frontend.Tests/OverblikPlus.Frontend.Tests/bin/Debug/net8.0/OverblikPlus.Frontend.Tests.dll" adapterTypeName="executor://xunit/VsTestRunner2/netcoreapp" className="OverblikPlus.Frontend.Tests.DropdownTests" name="Dropdown_Should_ClickAndSelectOption" />
    </UnitTest>
    <UnitTest name="SuccessfulLogin" storage="/users/niklasduenim/documents/programmering/gitten/4semester/overblikplus.frontend.tests/overblikplus.frontend.tests/bin/debug/net8.0/overblikplus.frontend.tests.dll" id="8a72372b-0800-d84c-858e-274b3f72b27e">
      <Execution id="4deaf94a-9951-489e-9d63-7ebf6a00bbb2" />
      <TestMethod codeBase="/Users/niklasduenim/Documents/Programmering/Gitten/4semester/OverblikPlus.Frontend.Tests/OverblikPlus.Frontend.Tests/bin/Debug/net8.0/OverblikPlus.Frontend.Tests.dll" adapterTypeName="executor://nunit3testexecutor/" className="OverblikPlus.Frontend.Tests.LoginFeature" name="SuccessfulLogin" />
    </UnitTest>
    <UnitTest name="OverblikPlus.Frontend.Tests.UITests.HomePage_Title_Should_Be_Correct" storage="/users/niklasduenim/documents/programmering/gitten/4semester/overblikplus.frontend.tests/overblikplus.frontend.tests/bin/debug/net8.0/overblikplus.frontend.tests.dll" id="d23f1d7f-c2f4-513b-5391-953e61eb072f">
      <Execution id="73f102ef-08bb-47f7-8d2e-a9c3698d7abc" />
      <TestMethod codeBase="/Users/niklasduenim/Documents/Programmering/Gitten/4semester/OverblikPlus.Frontend.Tests/OverblikPlus.Frontend.Tests/bin/Debug/net8.0/OverblikPlus.Frontend.Tests.dll" adapterTypeName="executor://xunit/VsTestRunner2/netcoreapp" className="OverblikPlus.Frontend.Tests.UITests" name="HomePage_Title_Should_Be_Correct" />
    </UnitTest>
  </TestDefinitions>
  <TestEntries>
    <TestEntry testId="35754785-7cc1-0c3d-583e-c649461a6eda" executionId="13eef2af-7f0b-4bd2-a967-543a350ceee2" testListId="8c84fa94-04c1-424b-9868-57a2d4851a1d" />
    <TestEntry testId="d23f1d7f-c2f4-513b-5391-953e61eb072f" executionId="73f102ef-08bb-47f7-8d2e-a9c3698d7abc" testListId="8c84fa94-04c1-424b-9868-57a2d4851a1d" />
    <TestEntry testId="1d306539-8790-12ce-0303-9c48c0ba893a" executionId="dff9d947-d396-424d-98c8-ff6a22493d63" testListId="8c84fa94-04c1-424b-9868-57a2d4851a1d" />
    <TestEntry testId="8a72372b-0800-d84c-858e-274b3f72b27e" executionId="4deaf94a-9951-489e-9d63-7ebf6a00bbb2" testListId="8c84fa94-04c1-424b-9868-57a2d4851a1d" />
    <TestEntry testId="338e63a0-a445-e133-2473-e7309b5081a0" executionId="24c71408-6dee-464d-bd38-867631cf2a78" testListId="8c84fa94-04c1-424b-9868-57a2d4851a1d" />
    <TestEntry testId="bf5f09ae-20eb-c8e0-a350-26b6b555ab6a" executionId="80bd4d02-8b88-455f-b01b-a1d49efb8291" testListId="8c84fa94-04c1-424b-9868-57a2d4851a1d" />
  </TestEntries>
  <TestLists>
    <TestList name="Results Not in a List" id="8c84fa94-04c1-424b-9868-57a2d4851a1d" />
    <TestList name="All Loaded Results" id="19431567-8539-422a-85d7-44ee4e166bda" />
  </TestLists>
  <ResultSummary outcome="Failed">
    <Counters total="6" executed="6" passed="3" failed="3" error="0" timeout="0" aborted="0" inconclusive="0" passedButRunAborted="0" notRunnable="0" notExecuted="0" disconnected="0" warning="0" completed="0" inProgress="0" pending="0" />
    <Output>
      <StdOut>[xUnit.net 00:00:00.00] xUnit.net VSTest Adapter v2.5.3.1+6b60a9e56a (64-bit .NET 8.0.8)
[xUnit.net 00:00:00.04]   Discovering: OverblikPlus.Frontend.Tests
[xUnit.net 00:00:00.05]   Discovered:  OverblikPlus.Frontend.Tests
[xUnit.net 00:00:00.05]   Starting:    OverblikPlus.Frontend.Tests
Starting ChromeDriver 131.0.6778.204 (52183f9e99a61056f9b78535f53d256f1516f2a0-refs/branch-heads/6778_155@{#7}) on port 57351
Only local connections are allowed.
Please see https://chromedriver.chromium.org/security-considerations for suggestions on keeping ChromeDriver safe.
ChromeDriver was started successfully on port 57351.
Starting ChromeDriver 131.0.6778.204 (52183f9e99a61056f9b78535f53d256f1516f2a0-refs/branch-heads/6778_155@{#7}) on port 57348
Only local connections are allowed.
Please see https://chromedriver.chromium.org/security-considerations for suggestions on keeping ChromeDriver safe.
ChromeDriver was started successfully on port 57348.
Starting ChromeDriver 131.0.6778.204 (52183f9e99a61056f9b78535f53d256f1516f2a0-refs/branch-heads/6778_155@{#7}) on port 57350
Only local connections are allowed.
Please see https://chromedriver.chromium.org/security-considerations for suggestions on keeping ChromeDriver safe.
ChromeDriver was started successfully on port 57350.
Starting ChromeDriver 131.0.6778.204 (52183f9e99a61056f9b78535f53d256f1516f2a0-refs/branch-heads/6778_155@{#7}) on port 57349
Only local connections are allowed.
Please see https://chromedriver.chromium.org/security-considerations for suggestions on keeping ChromeDriver safe.
ChromeDriver was started successfully on port 57349.
Starting ChromeDriver 131.0.6778.204 (52183f9e99a61056f9b78535f53d256f1516f2a0-refs/branch-heads/6778_155@{#7}) on port 57352
Only local connections are allowed.
Please see https://chromedriver.chromium.org/security-considerations for suggestions on keeping ChromeDriver safe.
ChromeDriver was started successfully on port 57352.
[xUnit.net 00:00:03.19]       OpenQA.Selenium.WebDriverException : unknown error: net::ERR_CONNECTION_REFUSED
[xUnit.net 00:00:03.19]         (Session info: chrome=131.0.6778.205)
[xUnit.net 00:00:03.19]       Stack Trace:
[xUnit.net 00:00:03.19]            at OpenQA.Selenium.WebDriver.UnpackAndThrowOnError(Response errorResponse, String commandToExecute)
[xUnit.net 00:00:03.19]            at OpenQA.Selenium.WebDriver.ExecuteAsync(String driverCommandToExecute, Dictionary`2 parameters)
[xUnit.net 00:00:03.19]            at OpenQA.Selenium.Navigator.GoToUrlAsync(String url)
[xUnit.net 00:00:03.19]            at OpenQA.Selenium.Navigator.&lt;&gt;c__DisplayClass6_0.&lt;&lt;GoToUrl&gt;b__0&gt;d.MoveNext()
[xUnit.net 00:00:03.19]         --- End of stack trace from previous location ---
[xUnit.net 00:00:03.19]            at OpenQA.Selenium.Navigator.GoToUrl(String url)
[xUnit.net 00:00:03.19]         /Users/niklasduenim/Documents/Programmering/Gitten/4semester/OverblikPlus.Frontend.Tests/OverblikPlus.Frontend.Tests/ValidationTests.cs(12,0): at OverblikPlus.Frontend.Tests.ValidationTests.EmptyInput_Should_ShowValidationError()
[xUnit.net 00:00:03.19]            at System.RuntimeMethodHandle.InvokeMethod(Object target, Void** arguments, Signature sig, Boolean isConstructor)
[xUnit.net 00:00:03.19]            at System.Reflection.MethodBaseInvoker.InvokeWithNoArgs(Object obj, BindingFlags invokeAttr)
[xUnit.net 00:00:03.20]       OpenQA.Selenium.WebDriverException : unknown error: net::ERR_NAME_NOT_RESOLVED
[xUnit.net 00:00:03.20]         (Session info: chrome=131.0.6778.205)
[xUnit.net 00:00:03.20]       Stack Trace:
[xUnit.net 00:00:03.20]            at OpenQA.Selenium.WebDriver.UnpackAndThrowOnError(Response errorResponse, String commandToExecute)
[xUnit.net 00:00:03.20]            at OpenQA.Selenium.WebDriver.ExecuteAsync(String driverCommandToExecute, Dictionary`2 parameters)
[xUnit.net 00:00:03.20]            at OpenQA.Selenium.Navigator.GoToUrlAsync(String url)
[xUnit.net 00:00:03.20]            at OpenQA.Selenium.Navigator.&lt;&gt;c__DisplayClass6_0.&lt;&lt;GoToUrl&gt;b__0&gt;d.MoveNext()
[xUnit.net 00:00:03.20]         --- End of stack trace from previous location ---
[xUnit.net 00:00:03.20]            at OpenQA.Selenium.Navigator.GoToUrl(String url)
[xUnit.net 00:00:03.20]         /Users/niklasduenim/Documents/Programmering/Gitten/4semester/OverblikPlus.Frontend.Tests/OverblikPlus.Frontend.Tests/QRCodeTests.cs(12,0): at OverblikPlus.Frontend.Tests.QRCodeTests.QRCodeScan_Should_NavigateToTaskSteps()
[xUnit.net 00:00:03.22]            at System.RuntimeMethodHandle.InvokeMethod(Object target, Void** arguments, Signature sig, Boolean isConstructor)
[xUnit.net 00:00:03.22]            at System.Reflection.MethodBaseInvoker.InvokeWithNoArgs(Object obj, BindingFlags invokeAttr)
[xUnit.net 00:00:05.00]   Finished:    OverblikPlus.Frontend.Tests
NUnit Adapter 4.6.0.0: Test execution started
Running all tests in /Users/niklasduenim/Documents/Programmering/Gitten/4semester/OverblikPlus.Frontend.Tests/OverblikPlus.Frontend.Tests/bin/Debug/net8.0/OverblikPlus.Frontend.Tests.dll
   NUnit3TestExecutor discovered 1 of 1 NUnit test cases using Current Discovery mode, Non-Explicit run
Starting ChromeDriver 131.0.6778.204 (52183f9e99a61056f9b78535f53d256f1516f2a0-refs/branch-heads/6778_155@{#7}) on port 57423
Only local connections are allowed.
Please see https://chromedriver.chromium.org/security-considerations for suggestions on keeping ChromeDriver safe.
ChromeDriver was started successfully on port 57423.
Given I am on the login page
-&gt; done: LoginSteps.GivenIAmOnTheLoginPage() (1,2s)
When I enter a valid email and password
-&gt; error: no such element: Unable to locate element: {"method":"css selector","selector":"input[placeholder='Email']"}
  (Session info: chrome=131.0.6778.205); For documentation on this error, please visit: https://www.selenium.dev/documentation/webdriver/troubleshooting/errors#no-such-element-exception (0,0s)
And I click the login button
-&gt; skipped because of previous errors
Then I should be redirected to the homepage
-&gt; skipped because of previous errors

NUnit Adapter 4.6.0.0: Test execution complete
</StdOut>
    </Output>
    <RunInfos>
      <RunInfo computerName="MacBook-Pro-tilhrende-Niklas" outcome="Error" timestamp="2024-12-31T01:52:39.3489120+01:00">
        <Text>[xUnit.net 00:00:03.19]     OverblikPlus.Frontend.Tests.ValidationTests.EmptyInput_Should_ShowValidationError [FAIL]</Text>
      </RunInfo>
      <RunInfo computerName="MacBook-Pro-tilhrende-Niklas" outcome="Error" timestamp="2024-12-31T01:52:39.3598910+01:00">
        <Text>[xUnit.net 00:00:03.20]     OverblikPlus.Frontend.Tests.QRCodeTests.QRCodeScan_Should_NavigateToTaskSteps [FAIL]</Text>
      </RunInfo>
    </RunInfos>
  </ResultSummary>
</TestRun>