<?xml version="1.0" encoding="utf-8"?>
<TestRun id="4310c545-d68f-43ed-82f8-47f427fffd95" name="@MacBook-Pro-tilhrende-Niklas 2024-12-31 01:56:22" xmlns="http://microsoft.com/schemas/VisualStudio/TeamTest/2010">
  <Times creation="2024-12-31T01:56:22.8277010+01:00" queuing="2024-12-31T01:56:22.8277010+01:00" start="2024-12-31T01:56:19.5161850+01:00" finish="2024-12-31T01:56:26.7464810+01:00" />
  <TestSettings name="default" id="8ed81656-b10d-4039-a568-81905844e167">
    <Deployment runDeploymentRoot="_MacBook-Pro-tilhrende-Niklas_2024-12-31_01_56_22" />
  </TestSettings>
  <Results>
    <UnitTestResult executionId="63879ece-b9a2-4e6e-8dfd-5a15b2052cb2" testId="8a72372b-0800-d84c-858e-274b3f72b27e" testName="SuccessfulLogin" computerName="MacBook-Pro-tilhrende-Niklas" duration="00:00:02.2792180" startTime="2024-12-31T01:56:24.3888040+01:00" endTime="2024-12-31T01:56:26.6679850+01:00" testType="13cdc9d9-ddb5-4fa4-a97d-d965ccfc6d4b" outcome="Passed" testListId="8c84fa94-04c1-424b-9868-57a2d4851a1d" relativeResultsDirectory="63879ece-b9a2-4e6e-8dfd-5a15b2052cb2">
      <Output>
        <StdOut>Given I am on the login page
-&gt; done: LoginSteps.GivenIAmOnTheLoginPage() (2,0s)
When I enter a valid email and password
-&gt; done: LoginSteps.WhenIEnterAValidEmailAndPassword() (0,1s)
And I click the login button
-&gt; done: LoginSteps.WhenIClickTheLoginButton() (0,1s)
Then I should be redirected to the homepage
-&gt; done: LoginSteps.ThenIShouldBeRedirectedToTheHomepage() (0,0s)</StdOut>
      </Output>
    </UnitTestResult>
    <UnitTestResult executionId="9c9321eb-d117-42b1-a1cf-31476aa59a20" testId="bf5f09ae-20eb-c8e0-a350-26b6b555ab6a" testName="LoginTests.LoginButton_Click_Should_NavigateToHomePage" computerName="MacBook-Pro-tilhrende-Niklas" duration="00:00:04.4506823" startTime="2024-12-31T01:56:24.2408880+01:00" endTime="2024-12-31T01:56:24.2408890+01:00" testType="13cdc9d9-ddb5-4fa4-a97d-d965ccfc6d4b" outcome="Passed" testListId="8c84fa94-04c1-424b-9868-57a2d4851a1d" relativeResultsDirectory="9c9321eb-d117-42b1-a1cf-31476aa59a20" />
    <UnitTestResult executionId="a3e80b8d-ff9c-4fa0-b2e9-353efb11c5f4" testId="35754785-7cc1-0c3d-583e-c649461a6eda" testName="OverblikPlus.Frontend.Tests.QRCodeTests.QRCodeScan_Should_NavigateToTaskSteps" computerName="MacBook-Pro-tilhrende-Niklas" duration="00:00:02.6289647" startTime="2024-12-31T01:56:22.4371320+01:00" endTime="2024-12-31T01:56:22.4371320+01:00" testType="13cdc9d9-ddb5-4fa4-a97d-d965ccfc6d4b" outcome="Failed" testListId="8c84fa94-04c1-424b-9868-57a2d4851a1d" relativeResultsDirectory="a3e80b8d-ff9c-4fa0-b2e9-353efb11c5f4">
      <Output>
        <ErrorInfo>
          <Message>OpenQA.Selenium.WebDriverException : unknown error: net::ERR_NAME_NOT_RESOLVED
  (Session info: chrome=131.0.6778.205)</Message>
          <StackTrace>   at OpenQA.Selenium.WebDriver.UnpackAndThrowOnError(Response errorResponse, String commandToExecute)
   at OpenQA.Selenium.WebDriver.ExecuteAsync(String driverCommandToExecute, Dictionary`2 parameters)
   at OpenQA.Selenium.Navigator.GoToUrlAsync(String url)
   at OpenQA.Selenium.Navigator.&lt;&gt;c__DisplayClass6_0.&lt;&lt;GoToUrl&gt;b__0&gt;d.MoveNext()
--- End of stack trace from previous location ---
   at OpenQA.Selenium.Navigator.GoToUrl(String url)
   at OverblikPlus.Frontend.Tests.QRCodeTests.QRCodeScan_Should_NavigateToTaskSteps() in /Users/niklasduenim/Documents/Programmering/Gitten/4semester/OverblikPlus.Frontend.Tests/OverblikPlus.Frontend.Tests/QRCodeTests.cs:line 12
   at System.RuntimeMethodHandle.InvokeMethod(Object target, Void** arguments, Signature sig, Boolean isConstructor)
   at System.Reflection.MethodBaseInvoker.InvokeWithNoArgs(Object obj, BindingFlags invokeAttr)</StackTrace>
        </ErrorInfo>
      </Output>
    </UnitTestResult>
    <UnitTestResult executionId="769d543a-2297-4144-850d-7e3ecb46321a" testId="d23f1d7f-c2f4-513b-5391-953e61eb072f" testName="OverblikPlus.Frontend.Tests.UITests.HomePage_Title_Should_Be_Correct" computerName="MacBook-Pro-tilhrende-Niklas" duration="00:00:02.8308729" startTime="2024-12-31T01:56:22.6219410+01:00" endTime="2024-12-31T01:56:22.6219420+01:00" testType="13cdc9d9-ddb5-4fa4-a97d-d965ccfc6d4b" outcome="Passed" testListId="8c84fa94-04c1-424b-9868-57a2d4851a1d" relativeResultsDirectory="769d543a-2297-4144-850d-7e3ecb46321a" />
    <UnitTestResult executionId="87e823dc-9631-4553-b4e4-c4567c3019e6" testId="338e63a0-a445-e133-2473-e7309b5081a0" testName="OverblikPlus.Frontend.Tests.ValidationTests.EmptyInput_Should_ShowValidationError" computerName="MacBook-Pro-tilhrende-Niklas" duration="00:00:02.6289786" startTime="2024-12-31T01:56:22.4338050+01:00" endTime="2024-12-31T01:56:22.4338170+01:00" testType="13cdc9d9-ddb5-4fa4-a97d-d965ccfc6d4b" outcome="Failed" testListId="8c84fa94-04c1-424b-9868-57a2d4851a1d" relativeResultsDirectory="87e823dc-9631-4553-b4e4-c4567c3019e6">
      <Output>
        <ErrorInfo>
          <Message>OpenQA.Selenium.WebDriverException : unknown error: net::ERR_CONNECTION_REFUSED
  (Session info: chrome=131.0.6778.205)</Message>
          <StackTrace>   at OpenQA.Selenium.WebDriver.UnpackAndThrowOnError(Response errorResponse, String commandToExecute)
   at OpenQA.Selenium.WebDriver.ExecuteAsync(String driverCommandToExecute, Dictionary`2 parameters)
   at OpenQA.Selenium.Navigator.GoToUrlAsync(String url)
   at OpenQA.Selenium.Navigator.&lt;&gt;c__DisplayClass6_0.&lt;&lt;GoToUrl&gt;b__0&gt;d.MoveNext()
--- End of stack trace from previous location ---
   at OpenQA.Selenium.Navigator.GoToUrl(String url)
   at OverblikPlus.Frontend.Tests.ValidationTests.EmptyInput_Should_ShowValidationError() in /Users/niklasduenim/Documents/Programmering/Gitten/4semester/OverblikPlus.Frontend.Tests/OverblikPlus.Frontend.Tests/ValidationTests.cs:line 12
   at System.RuntimeMethodHandle.InvokeMethod(Object target, Void** arguments, Signature sig, Boolean isConstructor)
   at System.Reflection.MethodBaseInvoker.InvokeWithNoArgs(Object obj, BindingFlags invokeAttr)</StackTrace>
        </ErrorInfo>
      </Output>
    </UnitTestResult>
    <UnitTestResult executionId="6a10dedb-2f5c-43e8-95c8-599f9ec7a47b" testId="1d306539-8790-12ce-0303-9c48c0ba893a" testName="OverblikPlus.Frontend.Tests.DropdownTests.Dropdown_Should_ClickAndSelectOption" computerName="MacBook-Pro-tilhrende-Niklas" duration="00:00:04.4198409" startTime="2024-12-31T01:56:24.2101290+01:00" endTime="2024-12-31T01:56:24.2101290+01:00" testType="13cdc9d9-ddb5-4fa4-a97d-d965ccfc6d4b" outcome="Passed" testListId="8c84fa94-04c1-424b-9868-57a2d4851a1d" relativeResultsDirectory="6a10dedb-2f5c-43e8-95c8-599f9ec7a47b" />
  </Results>
  <TestDefinitions>
    <UnitTest name="LoginTests.LoginButton_Click_Should_NavigateToHomePage" storage="/users/niklasduenim/documents/programmering/gitten/4semester/overblikplus.frontend.tests/overblikplus.frontend.tests/bin/debug/net8.0/overblikplus.frontend.tests.dll" id="bf5f09ae-20eb-c8e0-a350-26b6b555ab6a">
      <Execution id="9c9321eb-d117-42b1-a1cf-31476aa59a20" />
      <TestMethod codeBase="/Users/niklasduenim/Documents/Programmering/Gitten/4semester/OverblikPlus.Frontend.Tests/OverblikPlus.Frontend.Tests/bin/Debug/net8.0/OverblikPlus.Frontend.Tests.dll" adapterTypeName="executor://xunit/VsTestRunner2/netcoreapp" className="LoginTests" name="LoginButton_Click_Should_NavigateToHomePage" />
    </UnitTest>
    <UnitTest name="OverblikPlus.Frontend.Tests.ValidationTests.EmptyInput_Should_ShowValidationError" storage="/users/niklasduenim/documents/programmering/gitten/4semester/overblikplus.frontend.tests/overblikplus.frontend.tests/bin/debug/net8.0/overblikplus.frontend.tests.dll" id="338e63a0-a445-e133-2473-e7309b5081a0">
      <Execution id="87e823dc-9631-4553-b4e4-c4567c3019e6" />
      <TestMethod codeBase="/Users/niklasduenim/Documents/Programmering/Gitten/4semester/OverblikPlus.Frontend.Tests/OverblikPlus.Frontend.Tests/bin/Debug/net8.0/OverblikPlus.Frontend.Tests.dll" adapterTypeName="executor://xunit/VsTestRunner2/netcoreapp" className="OverblikPlus.Frontend.Tests.ValidationTests" name="EmptyInput_Should_ShowValidationError" />
    </UnitTest>
    <UnitTest name="OverblikPlus.Frontend.Tests.QRCodeTests.QRCodeScan_Should_NavigateToTaskSteps" storage="/users/niklasduenim/documents/programmering/gitten/4semester/overblikplus.frontend.tests/overblikplus.frontend.tests/bin/debug/net8.0/overblikplus.frontend.tests.dll" id="35754785-7cc1-0c3d-583e-c649461a6eda">
      <Execution id="a3e80b8d-ff9c-4fa0-b2e9-353efb11c5f4" />
      <TestMethod codeBase="/Users/niklasduenim/Documents/Programmering/Gitten/4semester/OverblikPlus.Frontend.Tests/OverblikPlus.Frontend.Tests/bin/Debug/net8.0/OverblikPlus.Frontend.Tests.dll" adapterTypeName="executor://xunit/VsTestRunner2/netcoreapp" className="OverblikPlus.Frontend.Tests.QRCodeTests" name="QRCodeScan_Should_NavigateToTaskSteps" />
    </UnitTest>
    <UnitTest name="OverblikPlus.Frontend.Tests.DropdownTests.Dropdown_Should_ClickAndSelectOption" storage="/users/niklasduenim/documents/programmering/gitten/4semester/overblikplus.frontend.tests/overblikplus.frontend.tests/bin/debug/net8.0/overblikplus.frontend.tests.dll" id="1d306539-8790-12ce-0303-9c48c0ba893a">
      <Execution id="6a10dedb-2f5c-43e8-95c8-599f9ec7a47b" />
      <TestMethod codeBase="/Users/niklasduenim/Documents/Programmering/Gitten/4semester/OverblikPlus.Frontend.Tests/OverblikPlus.Frontend.Tests/bin/Debug/net8.0/OverblikPlus.Frontend.Tests.dll" adapterTypeName="executor://xunit/VsTestRunner2/netcoreapp" className="OverblikPlus.Frontend.Tests.DropdownTests" name="Dropdown_Should_ClickAndSelectOption" />
    </UnitTest>
    <UnitTest name="SuccessfulLogin" storage="/users/niklasduenim/documents/programmering/gitten/4semester/overblikplus.frontend.tests/overblikplus.frontend.tests/bin/debug/net8.0/overblikplus.frontend.tests.dll" id="8a72372b-0800-d84c-858e-274b3f72b27e">
      <Execution id="63879ece-b9a2-4e6e-8dfd-5a15b2052cb2" />
      <TestMethod codeBase="/Users/niklasduenim/Documents/Programmering/Gitten/4semester/OverblikPlus.Frontend.Tests/OverblikPlus.Frontend.Tests/bin/Debug/net8.0/OverblikPlus.Frontend.Tests.dll" adapterTypeName="executor://nunit3testexecutor/" className="OverblikPlus.Frontend.Tests.LoginFeature" name="SuccessfulLogin" />
    </UnitTest>
    <UnitTest name="OverblikPlus.Frontend.Tests.UITests.HomePage_Title_Should_Be_Correct" storage="/users/niklasduenim/documents/programmering/gitten/4semester/overblikplus.frontend.tests/overblikplus.frontend.tests/bin/debug/net8.0/overblikplus.frontend.tests.dll" id="d23f1d7f-c2f4-513b-5391-953e61eb072f">
      <Execution id="769d543a-2297-4144-850d-7e3ecb46321a" />
      <TestMethod codeBase="/Users/niklasduenim/Documents/Programmering/Gitten/4semester/OverblikPlus.Frontend.Tests/OverblikPlus.Frontend.Tests/bin/Debug/net8.0/OverblikPlus.Frontend.Tests.dll" adapterTypeName="executor://xunit/VsTestRunner2/netcoreapp" className="OverblikPlus.Frontend.Tests.UITests" name="HomePage_Title_Should_Be_Correct" />
    </UnitTest>
  </TestDefinitions>
  <TestEntries>
    <TestEntry testId="8a72372b-0800-d84c-858e-274b3f72b27e" executionId="63879ece-b9a2-4e6e-8dfd-5a15b2052cb2" testListId="8c84fa94-04c1-424b-9868-57a2d4851a1d" />
    <TestEntry testId="bf5f09ae-20eb-c8e0-a350-26b6b555ab6a" executionId="9c9321eb-d117-42b1-a1cf-31476aa59a20" testListId="8c84fa94-04c1-424b-9868-57a2d4851a1d" />
    <TestEntry testId="35754785-7cc1-0c3d-583e-c649461a6eda" executionId="a3e80b8d-ff9c-4fa0-b2e9-353efb11c5f4" testListId="8c84fa94-04c1-424b-9868-57a2d4851a1d" />
    <TestEntry testId="d23f1d7f-c2f4-513b-5391-953e61eb072f" executionId="769d543a-2297-4144-850d-7e3ecb46321a" testListId="8c84fa94-04c1-424b-9868-57a2d4851a1d" />
    <TestEntry testId="338e63a0-a445-e133-2473-e7309b5081a0" executionId="87e823dc-9631-4553-b4e4-c4567c3019e6" testListId="8c84fa94-04c1-424b-9868-57a2d4851a1d" />
    <TestEntry testId="1d306539-8790-12ce-0303-9c48c0ba893a" executionId="6a10dedb-2f5c-43e8-95c8-599f9ec7a47b" testListId="8c84fa94-04c1-424b-9868-57a2d4851a1d" />
  </TestEntries>
  <TestLists>
    <TestList name="Results Not in a List" id="8c84fa94-04c1-424b-9868-57a2d4851a1d" />
    <TestList name="All Loaded Results" id="19431567-8539-422a-85d7-44ee4e166bda" />
  </TestLists>
  <ResultSummary outcome="Failed">
    <Counters total="6" executed="6" passed="4" failed="2" error="0" timeout="0" aborted="0" inconclusive="0" passedButRunAborted="0" notRunnable="0" notExecuted="0" disconnected="0" warning="0" completed="0" inProgress="0" pending="0" />
    <Output>
      <StdOut>[xUnit.net 00:00:00.00] xUnit.net VSTest Adapter v2.5.3.1+6b60a9e56a (64-bit .NET 8.0.8)
[xUnit.net 00:00:00.03]   Discovering: OverblikPlus.Frontend.Tests
[xUnit.net 00:00:00.04]   Discovered:  OverblikPlus.Frontend.Tests
[xUnit.net 00:00:00.05]   Starting:    OverblikPlus.Frontend.Tests
Starting ChromeDriver 131.0.6778.204 (52183f9e99a61056f9b78535f53d256f1516f2a0-refs/branch-heads/6778_155@{#7}) on port 58112
Only local connections are allowed.
Please see https://chromedriver.chromium.org/security-considerations for suggestions on keeping ChromeDriver safe.
ChromeDriver was started successfully on port 58112.
Starting ChromeDriver 131.0.6778.204 (52183f9e99a61056f9b78535f53d256f1516f2a0-refs/branch-heads/6778_155@{#7}) on port 58115
Only local connections are allowed.
Please see https://chromedriver.chromium.org/security-considerations for suggestions on keeping ChromeDriver safe.
ChromeDriver was started successfully on port 58115.
Starting ChromeDriver 131.0.6778.204 (52183f9e99a61056f9b78535f53d256f1516f2a0-refs/branch-heads/6778_155@{#7}) on port 58114
Only local connections are allowed.
Please see https://chromedriver.chromium.org/security-considerations for suggestions on keeping ChromeDriver safe.
ChromeDriver was started successfully on port 58114.
Starting ChromeDriver 131.0.6778.204 (52183f9e99a61056f9b78535f53d256f1516f2a0-refs/branch-heads/6778_155@{#7}) on port 58111
Only local connections are allowed.
Please see https://chromedriver.chromium.org/security-considerations for suggestions on keeping ChromeDriver safe.
ChromeDriver was started successfully on port 58111.
Starting ChromeDriver 131.0.6778.204 (52183f9e99a61056f9b78535f53d256f1516f2a0-refs/branch-heads/6778_155@{#7}) on port 58113
Only local connections are allowed.
Please see https://chromedriver.chromium.org/security-considerations for suggestions on keeping ChromeDriver safe.
ChromeDriver was started successfully on port 58113.
[xUnit.net 00:00:02.71]       OpenQA.Selenium.WebDriverException : unknown error: net::ERR_CONNECTION_REFUSED
[xUnit.net 00:00:02.71]         (Session info: chrome=131.0.6778.205)
[xUnit.net 00:00:02.71]       Stack Trace:
[xUnit.net 00:00:02.71]            at OpenQA.Selenium.WebDriver.UnpackAndThrowOnError(Response errorResponse, String commandToExecute)
[xUnit.net 00:00:02.71]            at OpenQA.Selenium.WebDriver.ExecuteAsync(String driverCommandToExecute, Dictionary`2 parameters)
[xUnit.net 00:00:02.71]            at OpenQA.Selenium.Navigator.GoToUrlAsync(String url)
[xUnit.net 00:00:02.71]            at OpenQA.Selenium.Navigator.&lt;&gt;c__DisplayClass6_0.&lt;&lt;GoToUrl&gt;b__0&gt;d.MoveNext()
[xUnit.net 00:00:02.71]         --- End of stack trace from previous location ---
[xUnit.net 00:00:02.71]            at OpenQA.Selenium.Navigator.GoToUrl(String url)
[xUnit.net 00:00:02.71]         /Users/niklasduenim/Documents/Programmering/Gitten/4semester/OverblikPlus.Frontend.Tests/OverblikPlus.Frontend.Tests/ValidationTests.cs(12,0): at OverblikPlus.Frontend.Tests.ValidationTests.EmptyInput_Should_ShowValidationError()
[xUnit.net 00:00:02.71]            at System.RuntimeMethodHandle.InvokeMethod(Object target, Void** arguments, Signature sig, Boolean isConstructor)
[xUnit.net 00:00:02.71]            at System.Reflection.MethodBaseInvoker.InvokeWithNoArgs(Object obj, BindingFlags invokeAttr)
[xUnit.net 00:00:02.71]       OpenQA.Selenium.WebDriverException : unknown error: net::ERR_NAME_NOT_RESOLVED
[xUnit.net 00:00:02.71]         (Session info: chrome=131.0.6778.205)
[xUnit.net 00:00:02.71]       Stack Trace:
[xUnit.net 00:00:02.71]            at OpenQA.Selenium.WebDriver.UnpackAndThrowOnError(Response errorResponse, String commandToExecute)
[xUnit.net 00:00:02.71]            at OpenQA.Selenium.WebDriver.ExecuteAsync(String driverCommandToExecute, Dictionary`2 parameters)
[xUnit.net 00:00:02.71]            at OpenQA.Selenium.Navigator.GoToUrlAsync(String url)
[xUnit.net 00:00:02.71]            at OpenQA.Selenium.Navigator.&lt;&gt;c__DisplayClass6_0.&lt;&lt;GoToUrl&gt;b__0&gt;d.MoveNext()
[xUnit.net 00:00:02.71]         --- End of stack trace from previous location ---
[xUnit.net 00:00:02.71]            at OpenQA.Selenium.Navigator.GoToUrl(String url)
[xUnit.net 00:00:02.71]         /Users/niklasduenim/Documents/Programmering/Gitten/4semester/OverblikPlus.Frontend.Tests/OverblikPlus.Frontend.Tests/QRCodeTests.cs(12,0): at OverblikPlus.Frontend.Tests.QRCodeTests.QRCodeScan_Should_NavigateToTaskSteps()
[xUnit.net 00:00:02.71]            at System.RuntimeMethodHandle.InvokeMethod(Object target, Void** arguments, Signature sig, Boolean isConstructor)
[xUnit.net 00:00:02.71]            at System.Reflection.MethodBaseInvoker.InvokeWithNoArgs(Object obj, BindingFlags invokeAttr)
[xUnit.net 00:00:04.52]   Finished:    OverblikPlus.Frontend.Tests
NUnit Adapter 4.6.0.0: Test execution started
Running all tests in /Users/niklasduenim/Documents/Programmering/Gitten/4semester/OverblikPlus.Frontend.Tests/OverblikPlus.Frontend.Tests/bin/Debug/net8.0/OverblikPlus.Frontend.Tests.dll
   NUnit3TestExecutor discovered 1 of 1 NUnit test cases using Current Discovery mode, Non-Explicit run
Starting ChromeDriver 131.0.6778.204 (52183f9e99a61056f9b78535f53d256f1516f2a0-refs/branch-heads/6778_155@{#7}) on port 58198
Only local connections are allowed.
Please see https://chromedriver.chromium.org/security-considerations for suggestions on keeping ChromeDriver safe.
ChromeDriver was started successfully on port 58198.
Given I am on the login page
-&gt; done: LoginSteps.GivenIAmOnTheLoginPage() (2,0s)
When I enter a valid email and password
-&gt; done: LoginSteps.WhenIEnterAValidEmailAndPassword() (0,1s)
And I click the login button
-&gt; done: LoginSteps.WhenIClickTheLoginButton() (0,1s)
Then I should be redirected to the homepage
-&gt; done: LoginSteps.ThenIShouldBeRedirectedToTheHomepage() (0,0s)

NUnit Adapter 4.6.0.0: Test execution complete
</StdOut>
    </Output>
    <RunInfos>
      <RunInfo computerName="MacBook-Pro-tilhrende-Niklas" outcome="Error" timestamp="2024-12-31T01:56:22.4313930+01:00">
        <Text>[xUnit.net 00:00:02.71]     OverblikPlus.Frontend.Tests.ValidationTests.EmptyInput_Should_ShowValidationError [FAIL]</Text>
      </RunInfo>
      <RunInfo computerName="MacBook-Pro-tilhrende-Niklas" outcome="Error" timestamp="2024-12-31T01:56:22.4370020+01:00">
        <Text>[xUnit.net 00:00:02.71]     OverblikPlus.Frontend.Tests.QRCodeTests.QRCodeScan_Should_NavigateToTaskSteps [FAIL]</Text>
      </RunInfo>
    </RunInfos>
  </ResultSummary>
</TestRun>